2024/05/15 11:28:07 http://google.com is up, status code: 200
2024/05/15 11:28:07 http://facebook.com is up, status code: 200
2024/05/15 11:28:07 http://golang.org is up, status code: 200
2024/05/15 11:28:10 http://facebook.com is up, status code: 200
2024/05/15 11:28:11 http://google.com is up, status code: 200
2024/05/15 11:28:11 http://golang.org is up, status code: 200
2024/05/15 11:28:13 http://amazon.com is up, status code: 200
2024/05/15 11:28:13 http://stackoverflow.com is up, status code: 200
2024/05/15 11:28:14 http://facebook.com is up, status code: 200
2024/05/15 11:28:14 http://google.com is up, status code: 200
2024/05/15 11:28:15 http://golang.org is up, status code: 200
2024/05/15 11:28:16 http://stackoverflow.com is up, status code: 200
2024/05/15 11:28:16 http://amazon.com is up, status code: 200
2024/05/15 11:28:17 http://facebook.com is up, status code: 200
2024/05/15 11:28:17 http://google.com is up, status code: 200
2024/05/15 11:28:18 http://golang.org is up, status code: 200
2024/05/15 11:28:19 Error checking link http://takis.gr: Get "http://takis.gr": dial tcp: lookup takis.gr on [2a02:2148:84:8053::53]:53: server misbehaving
2024/05/15 11:28:19 Retrying http://takis.gr in 2s (retry 1/3)
2024/05/15 11:28:19 http://stackoverflow.com is up, status code: 200
2024/05/15 11:28:20 http://amazon.com is up, status code: 200
2024/05/15 11:28:21 http://facebook.com is up, status code: 200
2024/05/15 11:28:21 http://google.com is up, status code: 200
2024/05/15 11:28:22 http://golang.org is up, status code: 200
2024/05/15 11:28:23 http://stackoverflow.com is up, status code: 200
2024/05/15 11:28:24 http://amazon.com is up, status code: 200
2024/05/15 11:28:24 http://facebook.com is up, status code: 200
2024/05/15 11:28:24 http://google.com is up, status code: 200
2024/05/15 11:28:26 http://golang.org is up, status code: 200
2024/05/15 11:28:26 http://stackoverflow.com is up, status code: 200
2024/05/15 11:28:27 http://amazon.com is up, status code: 200
2024/05/15 11:28:27 http://facebook.com is up, status code: 200
2024/05/15 11:28:28 http://google.com is up, status code: 200
2024/05/15 11:28:29 http://stackoverflow.com is up, status code: 200
2024/05/15 11:28:29 http://golang.org is up, status code: 200
2024/05/15 11:28:31 http://facebook.com is up, status code: 200
2024/05/15 11:28:31 http://amazon.com is up, status code: 200
2024/05/15 11:28:31 http://google.com is up, status code: 200
2024/05/15 11:28:32 http://stackoverflow.com is up, status code: 200
2024/05/15 11:28:33 http://golang.org is up, status code: 200
2024/05/15 11:28:33 Error checking link http://takis.gr: Get "http://takis.gr": dial tcp: lookup takis.gr on [2a02:2148:84:8053::53]:53: server misbehaving
2024/05/15 11:28:33 Retrying http://takis.gr in 2s (retry 2/3)
2024/05/15 11:28:34 http://facebook.com is up, status code: 200
2024/05/15 11:28:34 http://amazon.com is up, status code: 200
2024/05/15 11:28:35 http://google.com is up, status code: 200
2024/05/15 11:28:35 http://stackoverflow.com is up, status code: 200
2024/05/15 11:28:36 http://golang.org is up, status code: 200
2024/05/15 11:28:37 http://facebook.com is up, status code: 200
2024/05/15 11:28:38 http://google.com is up, status code: 200
2024/05/15 11:28:38 http://amazon.com is up, status code: 200
2024/05/15 11:28:39 http://stackoverflow.com is up, status code: 200
2024/05/15 11:28:40 http://golang.org is up, status code: 200
2024/05/15 11:28:41 http://facebook.com is up, status code: 200
2024/05/15 11:28:42 http://amazon.com is up, status code: 200
2024/05/15 11:28:42 http://google.com is up, status code: 200
2024/05/15 11:28:42 http://stackoverflow.com is up, status code: 200
2024/05/15 11:28:43 http://golang.org is up, status code: 200
2024/05/15 11:28:44 http://facebook.com is up, status code: 200
2024/05/15 11:28:45 http://amazon.com is up, status code: 200
2024/05/15 11:28:45 http://google.com is up, status code: 200
2024/05/15 11:28:45 http://stackoverflow.com is up, status code: 200
2024/05/15 11:28:47 Error checking link http://takis.gr: Get "http://takis.gr": dial tcp: lookup takis.gr on [2a02:2148:84:8053::53]:53: server misbehaving
2024/05/15 11:28:47 Retrying http://takis.gr in 2s (retry 3/3)
2024/05/15 11:28:47 http://golang.org is up, status code: 200
2024/05/15 11:28:47 http://facebook.com is up, status code: 200
2024/05/15 11:28:48 http://amazon.com is up, status code: 200
2024/05/15 11:28:49 http://google.com is up, status code: 200
2024/05/15 11:28:49 http://stackoverflow.com is up, status code: 200
2024/05/15 11:28:50 http://golang.org is up, status code: 200
2024/05/15 11:28:51 http://facebook.com is up, status code: 200
2024/05/15 11:28:52 http://amazon.com is up, status code: 200
2024/05/15 11:28:52 http://google.com is up, status code: 200
2024/05/15 11:28:53 http://stackoverflow.com is up, status code: 200
2024/05/15 11:28:54 http://golang.org is up, status code: 200
2024/05/15 11:28:54 http://facebook.com is up, status code: 200
2024/05/15 11:28:55 http://amazon.com is up, status code: 200
2024/05/15 11:28:56 http://google.com is up, status code: 200
2024/05/15 11:28:56 http://stackoverflow.com is up, status code: 200
2024/05/15 11:28:57 http://golang.org is up, status code: 200
2024/05/15 11:28:58 http://facebook.com is up, status code: 200
2024/05/15 11:28:59 http://amazon.com is up, status code: 200
2024/05/15 11:28:59 http://google.com is up, status code: 200
2024/05/15 11:29:00 http://stackoverflow.com is up, status code: 200
2024/05/15 11:29:01 Error checking link http://takis.gr: Get "http://takis.gr": dial tcp: lookup takis.gr on [2a02:2148:84:8053::53]:53: server misbehaving
2024/05/15 11:29:01 Max retries reached for http://takis.gr, giving up.
2024/05/15 11:29:01 http://golang.org is up, status code: 200
2024/05/15 11:29:01 http://facebook.com is up, status code: 200
2024/05/15 11:29:02 http://amazon.com is up, status code: 200
2024/05/15 11:29:02 Received shutdown signal, cancelling context...
2024/05/15 11:29:02 Context cancelled, stopping check for http://google.com
2024/05/15 11:29:03 Context cancelled, stopping check for http://stackoverflow.com
2024/05/15 11:29:04 Context cancelled, stopping check for http://takis.gr
2024/05/15 11:29:04 Context cancelled, stopping check for http://takis.gr
2024/05/15 11:29:04 Context cancelled, stopping check for http://takis.gr
2024/05/15 11:29:04 Context cancelled, stopping check for http://takis.gr
2024/05/15 11:29:04 All links checked, exiting.
